==============================================
 BF2 Logging Started: 04/19/18 20:46:25
==============================================
Persistant stats module initialized.
Custom Medals Data Pack (custom) *NOT* found or is corrupt!
Snapshot module initialized
Medal awarding module initialized
Using Xpack Medals:  False
Global key string:  &info=rank,ktm-,dfcp,rpar,vtm-,bksk,scor,wdsk,wkl-,heal,dsab,cdsc,tsql,tsqm,wins,vkl-,twsc,time,kill,rsup,tcdr,de-,vac-
Player Verify module initialized
warning: syntax error in "admin/default.cfg" on line 1
initializing default admin/rcon module
warning: name 'temp_time' is assigned to before global declaration
Player Manager module initialized
Received PID data is INVALID, length 50
Creating new record for player profileId  0
Received PID data is INVALID, length 50
Received PID data is INVALID, length 50
Player Manager module initialized
Received PID data is INVALID, length 50
Creating new record for player profileId  0
Received PID data is INVALID, length 50
Received PID data is INVALID, length 50
Player Manager module initialized
Received PID data is INVALID, length 50
Creating new record for player profileId  0
Received PID data is INVALID, length 50
Received PID data is INVALID, length 50
Player Manager module initialized
Received PID data is INVALID, length 50
Creating new record for player profileId  0
Received PID data is INVALID, length 50
Received PID data is INVALID, length 50
Player Manager module initialized
Received PID data is INVALID, length 50
Creating new record for player profileId  0
Received PID data is INVALID, length 50
Received PID data is INVALID, length 50
Player Manager module initialized
Received PID data is INVALID, length 50
Creating new record for player profileId  0
Received PID data is INVALID, length 50
Received PID data is INVALID, length 50
Player Manager module initialized
Received PID data is INVALID, length 50
Creating new record for player profileId  0
Received PID data is INVALID, length 50
Received PID data is INVALID, length 50
Player Manager module initialized
Received PID data is INVALID, length 50
Creating new record for player profileId  0
Received PID data is INVALID, length 50
Received PID data is INVALID, length 50
Player Manager module initialized
Received PID data is INVALID, length 50
Creating new record for player profileId  0
Received PID data is INVALID, length 50
Received PID data is INVALID, length 50
Player Manager module initialized
Received PID data is INVALID, length 50
Creating new record for player profileId  0
Received PID data is INVALID, length 50
Received PID data is INVALID, length 50
Player Manager module initialized
Received PID data is INVALID, length 50
Creating new record for player profileId  0
Received PID data is INVALID, length 50
Received PID data is INVALID, length 50
Player Manager module initialized
Received PID data is INVALID, length 50
Creating new record for player profileId  0
Received PID data is INVALID, length 50
Received PID data is INVALID, length 50
Player Manager module initialized
Received PID data is INVALID, length 50
Creating new record for player profileId  0
Received PID data is INVALID, length 50
Received PID data is INVALID, length 50
Player Manager module initialized
Received PID data is INVALID, length 50
Creating new record for player profileId  0
Received PID data is INVALID, length 50
Received PID data is INVALID, length 50
Player Manager module initialized
Received PID data is INVALID, length 50
Creating new record for player profileId  0
Received PID data is INVALID, length 50
Received PID data is INVALID, length 50
Player Manager module initialized
Received PID data is INVALID, length 50
Creating new record for player profileId  0
Received PID data is INVALID, length 50
Received PID data is INVALID, length 50
Player Manager module initialized
Received PID data is INVALID, length 50
Creating new record for player profileId  0
Received PID data is INVALID, length 50
Received PID data is INVALID, length 50
Player Manager module initialized
Received PID data is INVALID, length 50
Creating new record for player profileId  0
Received PID data is INVALID, length 50
Received PID data is INVALID, length 50
Player Manager module initialized
Received PID data is INVALID, length 50
Creating new record for player profileId  0
Received PID data is INVALID, length 50
Received PID data is INVALID, length 50
Player Manager module initialized
Received PID data is INVALID, length 50
Creating new record for player profileId  0
Received PID data is INVALID, length 50
Received PID data is INVALID, length 50
Player Manager module initialized
Received PID data is INVALID, length 50
Creating new record for player profileId  0
Received PID data is INVALID, length 50
Received PID data is INVALID, length 50
Player Manager module initialized
Received PID data is INVALID, length 50
Creating new record for player profileId  0
Received PID data is INVALID, length 50
Received PID data is INVALID, length 50
Player Manager module initialized
Received PID data is INVALID, length 50
Creating new record for player profileId  0
Received PID data is INVALID, length 50
Received PID data is INVALID, length 50
Player Manager module initialized
Received PID data is INVALID, length 50
Creating new record for player profileId  0
Received PID data is INVALID, length 50
Received PID data is INVALID, length 50
Player Manager module initialized
Received PID data is INVALID, length 50
Creating new record for player profileId  0
Received PID data is INVALID, length 50
Received PID data is INVALID, length 50
Player Manager module initialized
Received PID data is INVALID, length 50
Creating new record for player profileId  0
Received PID data is INVALID, length 50
Received PID data is INVALID, length 50
Player Manager module initialized
Received PID data is INVALID, length 50
Creating new record for player profileId  0
Received PID data is INVALID, length 50
Received PID data is INVALID, length 50
Player Manager module initialized
Received PID data is INVALID, length 50
Creating new record for player profileId  0
Received PID data is INVALID, length 50
Received PID data is INVALID, length 50
Player Manager module initialized
Received PID data is INVALID, length 50
Creating new record for player profileId  0
Received PID data is INVALID, length 50
Received PID data is INVALID, length 50
Player Manager module initialized
Received PID data is INVALID, length 50
Creating new record for player profileId  0
Received PID data is INVALID, length 50
Received PID data is INVALID, length 50
Player Manager module initialized
Received PID data is INVALID, length 50
Creating new record for player profileId  0
Received PID data is INVALID, length 50
Received PID data is INVALID, length 50
Player Manager module initialized
Received PID data is INVALID, length 50
Creating new record for player profileId  0
Received PID data is INVALID, length 50
Received PID data is INVALID, length 50
Player Manager module initialized
Received PID data is INVALID, length 50
Creating new record for player profileId  0
Received PID data is INVALID, length 50
Received PID data is INVALID, length 50
Player Manager module initialized
Received PID data is INVALID, length 50
Creating new record for player profileId  0
Received PID data is INVALID, length 50
Received PID data is INVALID, length 50
Player Manager module initialized
Received PID data is INVALID, length 50
Creating new record for player profileId  0
Received PID data is INVALID, length 50
Received PID data is INVALID, length 50
Player Manager module initialized
Received PID data is INVALID, length 50
Creating new record for player profileId  0
Received PID data is INVALID, length 50
Received PID data is INVALID, length 50
Player Manager module initialized
Received PID data is INVALID, length 50
Creating new record for player profileId  0
Received PID data is INVALID, length 50
Received PID data is INVALID, length 50
Player Manager module initialized
Received PID data is INVALID, length 50
Creating new record for player profileId  0
Received PID data is INVALID, length 50
Received PID data is INVALID, length 50
Player Manager module initialized
Received PID data is INVALID, length 50
Creating new record for player profileId  0
Received PID data is INVALID, length 50
Received PID data is INVALID, length 50
Player Manager module initialized
Received PID data is INVALID, length 50
Creating new record for player profileId  0
Received PID data is INVALID, length 50
Received PID data is INVALID, length 50
Player Manager module initialized
Received PID data is INVALID, length 50
Creating new record for player profileId  0
Received PID data is INVALID, length 50
Received PID data is INVALID, length 50
Player Manager module initialized
Received PID data is INVALID, length 50
Creating new record for player profileId  0
Received PID data is INVALID, length 50
Received PID data is INVALID, length 50
Player Manager module initialized
Received PID data is INVALID, length 50
Creating new record for player profileId  0
Received PID data is INVALID, length 50
Received PID data is INVALID, length 50
Player Manager module initialized
Received PID data is INVALID, length 50
Creating new record for player profileId  0
Received PID data is INVALID, length 50
Received PID data is INVALID, length 50
Player Manager module initialized
Received PID data is INVALID, length 50
Creating new record for player profileId  0
Received PID data is INVALID, length 50
Received PID data is INVALID, length 50
Player Manager module initialized
Received PID data is INVALID, length 50
Creating new record for player profileId  0
Received PID data is INVALID, length 50
Received PID data is INVALID, length 50
Player Manager module initialized
Received PID data is INVALID, length 50
Creating new record for player profileId  0
Received PID data is INVALID, length 50
Received PID data is INVALID, length 50
Player Manager module initialized
Received PID data is INVALID, length 50
Creating new record for player profileId  0
Received PID data is INVALID, length 50
Received PID data is INVALID, length 50
Player Manager module initialized
Received PID data is INVALID, length 50
Creating new record for player profileId  0
Received PID data is INVALID, length 50
Received PID data is INVALID, length 50
Player Manager module initialized
Received PID data is INVALID, length 50
Creating new record for player profileId  0
Received PID data is INVALID, length 50
Received PID data is INVALID, length 50
Player Manager module initialized
Received PID data is INVALID, length 50
Creating new record for player profileId  0
Received PID data is INVALID, length 50
Received PID data is INVALID, length 50
Player Manager module initialized
Received PID data is INVALID, length 50
Creating new record for player profileId  0
Received PID data is INVALID, length 50
Received PID data is INVALID, length 50
Player Manager module initialized
Received PID data is INVALID, length 50
Creating new record for player profileId  0
Received PID data is INVALID, length 50
Received PID data is INVALID, length 50
Player Manager module initialized
Received PID data is INVALID, length 50
Creating new record for player profileId  0
Received PID data is INVALID, length 50
Received PID data is INVALID, length 50
Player Manager module initialized
Received PID data is INVALID, length 50
Creating new record for player profileId  0
Received PID data is INVALID, length 50
Received PID data is INVALID, length 50
Player Manager module initialized
Received PID data is INVALID, length 50
Creating new record for player profileId  0
Received PID data is INVALID, length 50
Received PID data is INVALID, length 50
Player Manager module initialized
Received PID data is INVALID, length 50
Creating new record for player profileId  0
Received PID data is INVALID, length 50
Received PID data is INVALID, length 50
Player Manager module initialized
Received PID data is INVALID, length 50
Creating new record for player profileId  0
Received PID data is INVALID, length 50
Received PID data is INVALID, length 50
Player Manager module initialized
Received PID data is INVALID, length 50
Creating new record for player profileId  0
Received PID data is INVALID, length 50
Received PID data is INVALID, length 50
Player Manager module initialized
Received PID data is INVALID, length 50
Creating new record for player profileId  0
Received PID data is INVALID, length 50
Received PID data is INVALID, length 50
Player Manager module initialized
Received PID data is INVALID, length 50
Creating new record for player profileId  0
Received PID data is INVALID, length 50
Received PID data is INVALID, length 50
Player Manager module initialized
Received PID data is INVALID, length 50
Creating new record for player profileId  0
Received PID data is INVALID, length 50
Received PID data is INVALID, length 50
Player Manager module initialized
Received PID data is INVALID, length 50
Creating new record for player profileId  0
Received PID data is INVALID, length 50
Received PID data is INVALID, length 50
Reset orderiterator to 63 based on highest pid kept
Received PID data is INVALID, length 50
Received PID data is INVALID, length 50
Received PID data is INVALID, length 50
Received PID data is INVALID, length 50
Received PID data is INVALID, length 50
Received PID data is INVALID, length 50
Received PID data is INVALID, length 50
Received PID data is INVALID, length 50
Received PID data is INVALID, length 50
Received PID data is INVALID, length 50
Received PID data is INVALID, length 50
Received PID data is INVALID, length 50
Received PID data is INVALID, length 50
Received PID data is INVALID, length 50
Received PID data is INVALID, length 50
Received PID data is INVALID, length 50
Received PID data is INVALID, length 50
Received PID data is INVALID, length 50
Received PID data is INVALID, length 50
Received PID data is INVALID, length 50
Received PID data is INVALID, length 50
Received PID data is INVALID, length 50
Received PID data is INVALID, length 50
Received PID data is INVALID, length 50
Received PID data is INVALID, length 50
Received PID data is INVALID, length 50
Received PID data is INVALID, length 50
Received PID data is INVALID, length 50
Received PID data is INVALID, length 50
Received PID data is INVALID, length 50
Received PID data is INVALID, length 50
Received PID data is INVALID, length 50
Received PID data is INVALID, length 50
Received PID data is INVALID, length 50
Received PID data is INVALID, length 50
Received PID data is INVALID, length 50
Received PID data is INVALID, length 50
Received PID data is INVALID, length 50
Received PID data is INVALID, length 50
Received PID data is INVALID, length 50
Received PID data is INVALID, length 50
Received PID data is INVALID, length 50
Received PID data is INVALID, length 50
Received PID data is INVALID, length 50
Received PID data is INVALID, length 50
Received PID data is INVALID, length 50
Received PID data is INVALID, length 50
Received PID data is INVALID, length 50
Received PID data is INVALID, length 50
Received PID data is INVALID, length 50
Received PID data is INVALID, length 50
Received PID data is INVALID, length 50
Received PID data is INVALID, length 50
Received PID data is INVALID, length 50
Received PID data is INVALID, length 50
Received PID data is INVALID, length 50
Received PID data is INVALID, length 50
Received PID data is INVALID, length 50
Received PID data is INVALID, length 50
Received PID data is INVALID, length 50
Received PID data is INVALID, length 50
Received PID data is INVALID, length 50
Received PID data is INVALID, length 50
Reset orderiterator to 63 based on highest pid kept
Received PID data is INVALID, length 50
Received PID data is INVALID, length 50
Received PID data is INVALID, length 50
Received PID data is INVALID, length 50
Received PID data is INVALID, length 50
Received PID data is INVALID, length 50
Received PID data is INVALID, length 50
Received PID data is INVALID, length 50
Received PID data is INVALID, length 50
Received PID data is INVALID, length 50
Received PID data is INVALID, length 50
Received PID data is INVALID, length 50
Received PID data is INVALID, length 50
Received PID data is INVALID, length 50
Received PID data is INVALID, length 50
Received PID data is INVALID, length 50
Received PID data is INVALID, length 50
Received PID data is INVALID, length 50
Received PID data is INVALID, length 50
Received PID data is INVALID, length 50
Received PID data is INVALID, length 50
Received PID data is INVALID, length 50
Received PID data is INVALID, length 50
Received PID data is INVALID, length 50
Received PID data is INVALID, length 50
Received PID data is INVALID, length 50
Received PID data is INVALID, length 50
Received PID data is INVALID, length 50
Received PID data is INVALID, length 50
Received PID data is INVALID, length 50
Received PID data is INVALID, length 50
Received PID data is INVALID, length 50
Received PID data is INVALID, length 50
Received PID data is INVALID, length 50
Received PID data is INVALID, length 50
Received PID data is INVALID, length 50
Received PID data is INVALID, length 50
Received PID data is INVALID, length 50
Received PID data is INVALID, length 50
Received PID data is INVALID, length 50
Received PID data is INVALID, length 50
Received PID data is INVALID, length 50
Received PID data is INVALID, length 50
Received PID data is INVALID, length 50
Received PID data is INVALID, length 50
Received PID data is INVALID, length 50
Received PID data is INVALID, length 50
Received PID data is INVALID, length 50
Received PID data is INVALID, length 50
Received PID data is INVALID, length 50
Received PID data is INVALID, length 50
Received PID data is INVALID, length 50
Received PID data is INVALID, length 50
Received PID data is INVALID, length 50
Received PID data is INVALID, length 50
Received PID data is INVALID, length 50
Received PID data is INVALID, length 50
Received PID data is INVALID, length 50
Received PID data is INVALID, length 50
Received PID data is INVALID, length 50
Received PID data is INVALID, length 50
Received PID data is INVALID, length 50
Received PID data is INVALID, length 50
Timer object destroyed (rc 0)
Timer object destroyed (rc 0)
Removed player index 255 from player cache
Removed player index 254 from player cache
Removed player index 253 from player cache
Removed player index 252 from player cache
Removed player index 251 from player cache
Removed player index 250 from player cache
Removed player index 249 from player cache
Removed player index 248 from player cache
Removed player index 247 from player cache
Removed player index 246 from player cache
Removed player index 245 from player cache
Removed player index 244 from player cache
Removed player index 243 from player cache
Removed player index 242 from player cache
Removed player index 241 from player cache
Removed player index 240 from player cache
Removed player index 239 from player cache
Removed player index 238 from player cache
Removed player index 237 from player cache
Removed player index 236 from player cache
Removed player index 235 from player cache
Removed player index 234 from player cache
Removed player index 233 from player cache
Removed player index 232 from player cache
Removed player index 231 from player cache
Removed player index 230 from player cache
Removed player index 229 from player cache
Removed player index 228 from player cache
Removed player index 227 from player cache
Removed player index 226 from player cache
Removed player index 225 from player cache
Removed player index 224 from player cache
Removed player index 223 from player cache
Removed player index 222 from player cache
Removed player index 221 from player cache
Removed player index 220 from player cache
Removed player index 219 from player cache
Removed player index 218 from player cache
Removed player index 217 from player cache
Removed player index 216 from player cache
Removed player index 215 from player cache
Removed player index 214 from player cache
Removed player index 213 from player cache
Removed player index 212 from player cache
Removed player index 211 from player cache
Removed player index 210 from player cache
Removed player index 209 from player cache
Removed player index 208 from player cache
Removed player index 207 from player cache
Removed player index 206 from player cache
Removed player index 205 from player cache
Removed player index 204 from player cache
Removed player index 203 from player cache
Removed player index 202 from player cache
Removed player index 201 from player cache
Removed player index 200 from player cache
Removed player index 199 from player cache
Removed player index 198 from player cache
Removed player index 197 from player cache
Removed player index 196 from player cache
Removed player index 195 from player cache
Removed player index 194 from player cache
Removed player index 193 from player cache
shutting down default admin/rcon module
