==============================================
 BF2 Logging Started: 04/20/18 19:26:28
==============================================
Persistant stats module initialized.
Custom Medals Data Pack (custom) *NOT* found or is corrupt!
Snapshot module initialized
Medal awarding module initialized
Using Xpack Medals:  False
Global key string:  &info=rank,ktm-,dfcp,rpar,vtm-,bksk,scor,wdsk,wkl-,heal,dsab,cdsc,tsql,tsqm,wins,vkl-,twsc,time,kill,rsup,tcdr,de-,vac-
Player Verify module initialized
warning: syntax error in "admin/default.cfg" on line 1
initializing default admin/rcon module
warning: name 'temp_time' is assigned to before global declaration
Player Manager module initialized
Received PID data is INVALID, length 50
Creating new record for player profileId  0
Received PID data is INVALID, length 50
Received PID data is INVALID, length 50
Player Manager module initialized
Received PID data is INVALID, length 50
Creating new record for player profileId  0
Received PID data is INVALID, length 50
Received PID data is INVALID, length 50
Player Manager module initialized
Received PID data is INVALID, length 50
Creating new record for player profileId  0
Received PID data is INVALID, length 50
Received PID data is INVALID, length 50
Player Manager module initialized
Received PID data is INVALID, length 50
Creating new record for player profileId  0
Received PID data is INVALID, length 50
Received PID data is INVALID, length 50
Player Manager module initialized
Received PID data is INVALID, length 50
Creating new record for player profileId  0
Received PID data is INVALID, length 50
Received PID data is INVALID, length 50
Player Manager module initialized
Received PID data is INVALID, length 50
Creating new record for player profileId  0
Received PID data is INVALID, length 50
Received PID data is INVALID, length 50
Player Manager module initialized
Received PID data is INVALID, length 50
Creating new record for player profileId  0
Received PID data is INVALID, length 50
Received PID data is INVALID, length 50
Player Manager module initialized
Received PID data is INVALID, length 50
Creating new record for player profileId  0
Received PID data is INVALID, length 50
Received PID data is INVALID, length 50
Player Manager module initialized
Received PID data is INVALID, length 50
Creating new record for player profileId  0
Received PID data is INVALID, length 50
Received PID data is INVALID, length 50
Player Manager module initialized
Received PID data is INVALID, length 50
Creating new record for player profileId  0
Received PID data is INVALID, length 50
Received PID data is INVALID, length 50
Player Manager module initialized
Received PID data is INVALID, length 50
Creating new record for player profileId  0
Received PID data is INVALID, length 50
Received PID data is INVALID, length 50
Player Manager module initialized
Received PID data is INVALID, length 50
Creating new record for player profileId  0
Received PID data is INVALID, length 50
Received PID data is INVALID, length 50
Player Manager module initialized
Received PID data is INVALID, length 50
Creating new record for player profileId  0
Received PID data is INVALID, length 50
Received PID data is INVALID, length 50
Player Manager module initialized
Received PID data is INVALID, length 50
Creating new record for player profileId  0
Received PID data is INVALID, length 50
Received PID data is INVALID, length 50
Player Manager module initialized
Received PID data is INVALID, length 50
Creating new record for player profileId  0
Received PID data is INVALID, length 50
Received PID data is INVALID, length 50
Player Manager module initialized
Received PID data is INVALID, length 50
Creating new record for player profileId  0
Received PID data is INVALID, length 50
Received PID data is INVALID, length 50
Player Manager module initialized
Received PID data is INVALID, length 50
Creating new record for player profileId  0
Received PID data is INVALID, length 50
Received PID data is INVALID, length 50
Player Manager module initialized
Received PID data is INVALID, length 50
Creating new record for player profileId  0
Received PID data is INVALID, length 50
Received PID data is INVALID, length 50
Player Manager module initialized
Received PID data is INVALID, length 50
Creating new record for player profileId  0
Received PID data is INVALID, length 50
Received PID data is INVALID, length 50
Player Manager module initialized
Received PID data is INVALID, length 50
Creating new record for player profileId  0
Received PID data is INVALID, length 50
Received PID data is INVALID, length 50
Player Manager module initialized
Received PID data is INVALID, length 50
Creating new record for player profileId  0
Received PID data is INVALID, length 50
Received PID data is INVALID, length 50
Player Manager module initialized
Received PID data is INVALID, length 50
Creating new record for player profileId  0
Received PID data is INVALID, length 50
Received PID data is INVALID, length 50
Player Manager module initialized
Received PID data is INVALID, length 50
Creating new record for player profileId  0
Received PID data is INVALID, length 50
Received PID data is INVALID, length 50
Player Manager module initialized
Received PID data is INVALID, length 50
Creating new record for player profileId  0
Received PID data is INVALID, length 50
Received PID data is INVALID, length 50
Player Manager module initialized
Received PID data is INVALID, length 50
Creating new record for player profileId  0
Received PID data is INVALID, length 50
Received PID data is INVALID, length 50
Player Manager module initialized
Received PID data is INVALID, length 50
Creating new record for player profileId  0
Received PID data is INVALID, length 50
Received PID data is INVALID, length 50
Player Manager module initialized
Received PID data is INVALID, length 50
Creating new record for player profileId  0
Received PID data is INVALID, length 50
Received PID data is INVALID, length 50
Player Manager module initialized
Received PID data is INVALID, length 50
Creating new record for player profileId  0
Received PID data is INVALID, length 50
Received PID data is INVALID, length 50
Player Manager module initialized
Received PID data is INVALID, length 50
Creating new record for player profileId  0
Received PID data is INVALID, length 50
Received PID data is INVALID, length 50
Player Manager module initialized
Received PID data is INVALID, length 50
Creating new record for player profileId  0
Received PID data is INVALID, length 50
Received PID data is INVALID, length 50
Player Manager module initialized
Received PID data is INVALID, length 50
Creating new record for player profileId  0
Received PID data is INVALID, length 50
Received PID data is INVALID, length 50
Player Manager module initialized
Received PID data is INVALID, length 50
Creating new record for player profileId  0
Received PID data is INVALID, length 50
Received PID data is INVALID, length 50
Player Manager module initialized
Received PID data is INVALID, length 50
Creating new record for player profileId  0
Received PID data is INVALID, length 50
Received PID data is INVALID, length 50
Player Manager module initialized
Received PID data is INVALID, length 50
Creating new record for player profileId  0
Received PID data is INVALID, length 50
Received PID data is INVALID, length 50
Player Manager module initialized
Received PID data is INVALID, length 50
Creating new record for player profileId  0
Received PID data is INVALID, length 50
Received PID data is INVALID, length 50
Player Manager module initialized
Received PID data is INVALID, length 50
Creating new record for player profileId  0
Received PID data is INVALID, length 50
Received PID data is INVALID, length 50
Player Manager module initialized
Received PID data is INVALID, length 50
Creating new record for player profileId  0
Received PID data is INVALID, length 50
Received PID data is INVALID, length 50
Player Manager module initialized
Received PID data is INVALID, length 50
Creating new record for player profileId  0
Received PID data is INVALID, length 50
Received PID data is INVALID, length 50
Player Manager module initialized
Received PID data is INVALID, length 50
Creating new record for player profileId  0
Received PID data is INVALID, length 50
Received PID data is INVALID, length 50
Player Manager module initialized
Received PID data is INVALID, length 50
Creating new record for player profileId  0
Received PID data is INVALID, length 50
Received PID data is INVALID, length 50
Player Manager module initialized
Received PID data is INVALID, length 50
Creating new record for player profileId  0
Received PID data is INVALID, length 50
Received PID data is INVALID, length 50
Player Manager module initialized
Received PID data is INVALID, length 50
Creating new record for player profileId  0
Received PID data is INVALID, length 50
Received PID data is INVALID, length 50
Player Manager module initialized
Received PID data is INVALID, length 50
Creating new record for player profileId  0
Received PID data is INVALID, length 50
Received PID data is INVALID, length 50
Player Manager module initialized
Received PID data is INVALID, length 50
Creating new record for player profileId  0
Received PID data is INVALID, length 50
Received PID data is INVALID, length 50
Player Manager module initialized
Received PID data is INVALID, length 50
Creating new record for player profileId  0
Received PID data is INVALID, length 50
Received PID data is INVALID, length 50
Player Manager module initialized
Received PID data is INVALID, length 50
Creating new record for player profileId  0
Received PID data is INVALID, length 50
Received PID data is INVALID, length 50
Player Manager module initialized
Received PID data is INVALID, length 50
Creating new record for player profileId  0
Received PID data is INVALID, length 50
Received PID data is INVALID, length 50
Player Manager module initialized
Received PID data is INVALID, length 50
Creating new record for player profileId  0
Received PID data is INVALID, length 50
Received PID data is INVALID, length 50
Player Manager module initialized
Received PID data is INVALID, length 50
Creating new record for player profileId  0
Received PID data is INVALID, length 50
Received PID data is INVALID, length 50
Player Manager module initialized
Received PID data is INVALID, length 50
Creating new record for player profileId  0
Received PID data is INVALID, length 50
Received PID data is INVALID, length 50
Player Manager module initialized
Received PID data is INVALID, length 50
Creating new record for player profileId  0
Received PID data is INVALID, length 50
Received PID data is INVALID, length 50
Player Manager module initialized
Received PID data is INVALID, length 50
Creating new record for player profileId  0
Received PID data is INVALID, length 50
Received PID data is INVALID, length 50
Player Manager module initialized
Received PID data is INVALID, length 50
Creating new record for player profileId  0
Received PID data is INVALID, length 50
Received PID data is INVALID, length 50
Player Manager module initialized
Received PID data is INVALID, length 50
Creating new record for player profileId  0
Received PID data is INVALID, length 50
Received PID data is INVALID, length 50
Player Manager module initialized
Received PID data is INVALID, length 50
Creating new record for player profileId  0
Received PID data is INVALID, length 50
Received PID data is INVALID, length 50
Player Manager module initialized
Received PID data is INVALID, length 50
Creating new record for player profileId  0
Received PID data is INVALID, length 50
Received PID data is INVALID, length 50
Player Manager module initialized
Received PID data is INVALID, length 50
Creating new record for player profileId  0
Received PID data is INVALID, length 50
Received PID data is INVALID, length 50
Player Manager module initialized
Received PID data is INVALID, length 50
Creating new record for player profileId  0
Received PID data is INVALID, length 50
Received PID data is INVALID, length 50
Player Manager module initialized
Received PID data is INVALID, length 50
Creating new record for player profileId  0
Received PID data is INVALID, length 50
Received PID data is INVALID, length 50
Player Manager module initialized
Received PID data is INVALID, length 50
Creating new record for player profileId  0
Received PID data is INVALID, length 50
Received PID data is INVALID, length 50
Player Manager module initialized
Received PID data is INVALID, length 50
Creating new record for player profileId  0
Received PID data is INVALID, length 50
Received PID data is INVALID, length 50
Player Manager module initialized
Received PID data is INVALID, length 50
Creating new record for player profileId  0
Received PID data is INVALID, length 50
Received PID data is INVALID, length 50
Player Manager module initialized
Received PID data is INVALID, length 50
Creating new record for player profileId  0
Received PID data is INVALID, length 50
Received PID data is INVALID, length 50
Reset orderiterator to 63 based on highest pid kept
Received PID data is INVALID, length 50
Received PID data is INVALID, length 50
Received PID data is INVALID, length 50
Received PID data is INVALID, length 50
Received PID data is INVALID, length 50
Received PID data is INVALID, length 50
Received PID data is INVALID, length 50
Received PID data is INVALID, length 50
Received PID data is INVALID, length 50
Received PID data is INVALID, length 50
Received PID data is INVALID, length 50
Received PID data is INVALID, length 50
Received PID data is INVALID, length 50
Received PID data is INVALID, length 50
Received PID data is INVALID, length 50
Received PID data is INVALID, length 50
Received PID data is INVALID, length 50
Received PID data is INVALID, length 50
Received PID data is INVALID, length 50
Received PID data is INVALID, length 50
Received PID data is INVALID, length 50
Received PID data is INVALID, length 50
Received PID data is INVALID, length 50
Received PID data is INVALID, length 50
Received PID data is INVALID, length 50
Received PID data is INVALID, length 50
Received PID data is INVALID, length 50
Received PID data is INVALID, length 50
Received PID data is INVALID, length 50
Received PID data is INVALID, length 50
Received PID data is INVALID, length 50
Received PID data is INVALID, length 50
Received PID data is INVALID, length 50
Received PID data is INVALID, length 50
Received PID data is INVALID, length 50
Received PID data is INVALID, length 50
Received PID data is INVALID, length 50
Received PID data is INVALID, length 50
Received PID data is INVALID, length 50
Received PID data is INVALID, length 50
Received PID data is INVALID, length 50
Received PID data is INVALID, length 50
Received PID data is INVALID, length 50
Received PID data is INVALID, length 50
Received PID data is INVALID, length 50
Received PID data is INVALID, length 50
Received PID data is INVALID, length 50
Received PID data is INVALID, length 50
Received PID data is INVALID, length 50
Received PID data is INVALID, length 50
Received PID data is INVALID, length 50
Received PID data is INVALID, length 50
Received PID data is INVALID, length 50
Received PID data is INVALID, length 50
Received PID data is INVALID, length 50
Received PID data is INVALID, length 50
Received PID data is INVALID, length 50
Received PID data is INVALID, length 50
Received PID data is INVALID, length 50
Received PID data is INVALID, length 50
Received PID data is INVALID, length 50
Received PID data is INVALID, length 50
Received PID data is INVALID, length 50
Reset orderiterator to 63 based on highest pid kept
Received PID data is INVALID, length 50
Received PID data is INVALID, length 50
Received PID data is INVALID, length 50
Received PID data is INVALID, length 50
Received PID data is INVALID, length 50
Received PID data is INVALID, length 50
Received PID data is INVALID, length 50
Received PID data is INVALID, length 50
Received PID data is INVALID, length 50
Received PID data is INVALID, length 50
Received PID data is INVALID, length 50
Received PID data is INVALID, length 50
Received PID data is INVALID, length 50
Received PID data is INVALID, length 50
Received PID data is INVALID, length 50
Received PID data is INVALID, le